[2024-12-07 18:58:56,927] INFO - Приложение запущено.
[2024-12-07 18:58:59,230] INFO - Приложение запущено.
[2024-12-07 18:59:55,536] INFO - Доступ к панели управления пользователем ID: 1.
[2024-12-07 19:00:12,183] INFO - Доступ к панели управления пользователем ID: 1.
[2024-12-07 19:03:09,256] INFO - Доступ к панели управления пользователем ID: 2.
[2024-12-07 19:03:13,489] INFO - Доступ к панели управления пользователем ID: 2.
[2024-12-07 19:03:38,614] INFO - Доступ к панели управления пользователем ID: 3.
[2024-12-07 19:03:43,047] INFO - Доступ к панели управления пользователем ID: 3.
[2024-12-07 19:12:32,101] INFO - Приложение запущено.
[2024-12-07 19:17:23,723] INFO - Приложение запущено.
[2024-12-07 19:17:48,852] INFO - Доступ к панели управления пользователем ID: 3.
[2024-12-07 19:20:23,821] INFO - Доступ к панели управления пользователем ID: 3.
[2024-12-07 19:20:26,143] INFO - Доступ к панели управления пользователем ID: 3.
[2024-12-07 19:22:51,642] INFO - Доступ к панели управления пользователем ID: 3.
[2024-12-07 19:24:12,433] INFO - Приложение запущено.
[2024-12-07 19:24:12,448] INFO - База данных инициализирована.
[2024-12-07 19:24:12,448] INFO - Приложение запущено в режиме отладки.
[2024-12-07 19:24:13,499] INFO - Доступ к панели управления пользователем ID: 3.
[2024-12-07 19:24:15,605] INFO - Доступ к панели управления пользователем ID: 3.
[2024-12-07 19:24:33,651] INFO - Доступ к панели управления пользователем ID: 1.
[2024-12-07 19:56:01,051] INFO - Доступ к панели управления пользователем ID: 1.
[2024-12-07 23:56:29,602] INFO - Доступ к панели управления пользователем ID: 1.
[2024-12-21 20:19:33,416] INFO - Приложение запущено.
[2024-12-21 20:19:33,720] INFO - База данных инициализирована.
[2024-12-21 20:19:33,721] INFO - Приложение запущено в режиме отладки.
[2024-12-21 20:19:35,340] INFO - Приложение запущено.
[2024-12-21 20:19:35,348] INFO - База данных инициализирована.
[2024-12-21 20:19:35,348] INFO - Приложение запущено в режиме отладки.
[2024-12-21 20:19:39,288] WARNING - Попытка доступа к панели управления без аутентификации.
[2024-12-21 20:19:39,443] ERROR - Страница не найдена: 404 Not Found: The requested URL was not found on the server. If you entered the URL manually please check your spelling and try again.
[2024-12-21 20:19:39,468] ERROR - Страница не найдена: 404 Not Found: The requested URL was not found on the server. If you entered the URL manually please check your spelling and try again.
[2024-12-21 20:19:39,583] ERROR - Страница не найдена: 404 Not Found: The requested URL was not found on the server. If you entered the URL manually please check your spelling and try again.
[2024-12-21 20:21:01,677] INFO - Доступ к панели управления пользователем ID: 1.
[2024-12-21 20:21:12,783] INFO - Доступ к панели управления пользователем ID: 1.
[2024-12-21 20:21:12,786] ERROR - Страница не найдена: 404 Not Found: The requested URL was not found on the server. If you entered the URL manually please check your spelling and try again.
[2024-12-21 20:21:19,019] INFO - Доступ к панели управления пользователем ID: 1.
[2024-12-21 20:21:19,022] ERROR - Страница не найдена: 404 Not Found: The requested URL was not found on the server. If you entered the URL manually please check your spelling and try again.
[2024-12-21 20:25:07,474] INFO - Приложение запущено.
[2024-12-21 20:25:07,490] INFO - База данных инициализирована.
[2024-12-21 20:25:07,490] INFO - Приложение запущено в режиме отладки.
[2024-12-21 20:29:41,397] INFO - Приложение запущено.
[2024-12-21 20:29:41,407] INFO - База данных инициализирована.
[2024-12-21 20:29:41,407] INFO - Приложение запущено в режиме отладки.
[2024-12-21 20:29:42,453] INFO - Доступ к панели управления пользователем ID: 1.
[2024-12-21 20:30:42,873] INFO - Доступ к панели управления пользователем ID: 1.
[2024-12-21 20:30:42,878] ERROR - Страница не найдена: 404 Not Found: The requested URL was not found on the server. If you entered the URL manually please check your spelling and try again.
[2024-12-21 20:32:28,533] INFO - Доступ к панели управления пользователем ID: 1.
[2024-12-21 20:32:28,536] ERROR - Страница не найдена: 404 Not Found: The requested URL was not found on the server. If you entered the URL manually please check your spelling and try again.
[2024-12-21 20:45:29,674] INFO - Приложение запущено.
[2024-12-21 20:45:29,686] INFO - База данных инициализирована.
[2024-12-21 20:45:29,686] INFO - Приложение запущено в режиме отладки.
[2024-12-21 20:45:29,926] INFO - Приложение запущено.
[2024-12-21 20:45:29,932] INFO - База данных инициализирована.
[2024-12-21 20:45:29,933] INFO - Приложение запущено в режиме отладки.
[2024-12-21 20:47:13,109] INFO - Доступ к панели управления пользователем ID: 1.
[2024-12-21 20:48:00,170] INFO - Приложение запущено.
[2024-12-21 20:48:00,180] INFO - База данных инициализирована.
[2024-12-21 20:48:00,180] INFO - Приложение запущено в режиме отладки.
[2024-12-21 21:29:28,236] INFO - Доступ к панели управления пользователем ID: 1.
[2024-12-21 21:29:28,263] ERROR - Страница не найдена: 404 Not Found: The requested URL was not found on the server. If you entered the URL manually please check your spelling and try again.
[2024-12-21 21:29:49,195] INFO - Доступ к панели управления пользователем ID: 1.
[2024-12-21 21:34:41,974] INFO - Приложение запущено.
[2024-12-21 21:34:41,989] INFO - База данных инициализирована.
[2024-12-21 21:34:41,989] INFO - Приложение запущено в режиме отладки.
[2024-12-21 21:34:42,291] INFO - Доступ к панели управления пользователем ID: 1.
[2024-12-21 21:34:44,150] INFO - Доступ к панели управления пользователем ID: 1.
[2024-12-21 21:36:20,496] INFO - Приложение запущено.
[2024-12-21 21:36:20,507] INFO - База данных инициализирована.
[2024-12-21 21:36:20,507] INFO - Приложение запущено в режиме отладки.
[2024-12-21 21:37:50,990] INFO - Приложение запущено.
[2024-12-21 21:37:51,003] INFO - База данных инициализирована.
[2024-12-21 21:37:51,003] INFO - Приложение запущено в режиме отладки.
[2024-12-21 21:50:07,173] INFO - Приложение запущено.
[2024-12-21 21:50:46,451] INFO - Приложение запущено.
[2024-12-21 21:51:43,255] INFO - Приложение запущено.
[2024-12-21 21:52:25,742] INFO - Приложение запущено.
[2024-12-21 21:54:00,358] INFO - Приложение запущено.
[2024-12-21 21:54:21,118] INFO - Приложение запущено.
[2024-12-21 21:55:25,332] INFO - Приложение запущено.
[2024-12-21 21:55:25,354] INFO - База данных инициализирована.
[2024-12-21 21:55:25,355] INFO - Приложение запущено в режиме отладки.
[2024-12-21 21:55:25,603] INFO - Приложение запущено.
[2024-12-21 21:55:25,617] INFO - База данных инициализирована.
[2024-12-21 21:55:25,617] INFO - Приложение запущено в режиме отладки.
[2024-12-21 21:55:28,887] INFO - Доступ к панели управления пользователем ID: 1.
[2024-12-21 21:55:47,305] INFO - Доступ к панели управления пользователем ID: 1.
[2024-12-21 21:55:54,552] INFO - Доступ к панели управления пользователем ID: 1.
[2024-12-21 21:56:05,820] INFO - Доступ к панели управления пользователем ID: 1.
[2024-12-21 21:59:37,519] INFO - Доступ к панели управления пользователем ID: 1.
[2024-12-21 22:00:09,018] INFO - Доступ к панели управления пользователем ID: 1.
[2024-12-21 22:00:40,496] INFO - Доступ к панели управления пользователем ID: 1.
[2024-12-21 22:00:59,803] INFO - Доступ к панели управления пользователем ID: 1.
[2024-12-21 22:01:18,334] INFO - Доступ к панели управления пользователем ID: 1.
[2024-12-21 22:01:41,382] INFO - Доступ к панели управления пользователем ID: 1.
[2024-12-21 22:01:58,817] INFO - Доступ к панели управления пользователем ID: 1.
[2024-12-21 22:02:19,792] INFO - Доступ к панели управления пользователем ID: 1.
[2024-12-21 22:02:46,344] INFO - Доступ к панели управления пользователем ID: 1.
[2024-12-21 22:02:57,840] INFO - Доступ к панели управления пользователем ID: 1.
[2024-12-21 22:02:59,597] INFO - Доступ к панели управления пользователем ID: 1.
[2024-12-21 22:03:01,487] INFO - Доступ к панели управления пользователем ID: 1.
[2024-12-21 22:03:03,251] INFO - Доступ к панели управления пользователем ID: 1.
[2024-12-21 22:03:04,603] INFO - Доступ к панели управления пользователем ID: 1.
[2024-12-21 22:03:06,098] INFO - Доступ к панели управления пользователем ID: 1.
[2024-12-21 22:03:07,299] INFO - Доступ к панели управления пользователем ID: 1.
[2024-12-21 22:03:08,598] INFO - Доступ к панели управления пользователем ID: 1.
[2024-12-21 22:03:10,424] INFO - Доступ к панели управления пользователем ID: 1.
[2024-12-21 22:03:12,046] INFO - Доступ к панели управления пользователем ID: 1.
[2024-12-21 22:03:14,645] INFO - Доступ к панели управления пользователем ID: 1.
[2024-12-21 22:03:19,561] INFO - Доступ к панели управления пользователем ID: 1.
[2024-12-21 22:03:23,134] INFO - Доступ к панели управления пользователем ID: 1.
[2024-12-21 22:03:25,797] INFO - Доступ к панели управления пользователем ID: 1.
[2024-12-21 22:03:46,640] INFO - Доступ к панели управления пользователем ID: 1.
[2024-12-21 22:07:50,908] INFO - Доступ к панели управления пользователем ID: 1.
[2024-12-21 22:08:37,794] INFO - Доступ к панели управления пользователем ID: 1.
[2024-12-21 22:13:16,963] INFO - Доступ к панели управления пользователем ID: 1.
[2024-12-21 22:13:44,621] INFO - Доступ к панели управления пользователем ID: 1.
[2024-12-21 22:14:04,858] INFO - Доступ к панели управления пользователем ID: 1.
[2024-12-21 22:14:30,554] INFO - Доступ к панели управления пользователем ID: 1.
[2024-12-21 22:14:57,224] INFO - Доступ к панели управления пользователем ID: 1.
[2024-12-21 22:14:59,778] INFO - Доступ к панели управления пользователем ID: 1.
[2024-12-21 22:15:54,226] INFO - Доступ к панели управления пользователем ID: 1.
[2024-12-21 22:16:13,622] INFO - Доступ к панели управления пользователем ID: 1.
[2024-12-21 22:16:37,282] INFO - Доступ к панели управления пользователем ID: 1.
[2024-12-21 22:16:41,446] INFO - Доступ к панели управления пользователем ID: 1.
[2024-12-21 22:17:17,169] INFO - Доступ к панели управления пользователем ID: 1.
[2024-12-21 22:17:54,240] INFO - Доступ к панели управления пользователем ID: 1.
[2024-12-21 22:19:17,484] INFO - Доступ к панели управления пользователем ID: 1.
[2025-04-03 15:02:09,759] INFO - Приложение запущено.
[2025-04-03 15:02:10,086] INFO - База данных инициализирована.
[2025-04-03 15:02:45,127] INFO - Приложение запущено.
[2025-04-03 15:02:45,142] INFO - База данных инициализирована.
[2025-04-03 15:08:02,491] INFO - Приложение запущено.
[2025-04-03 15:08:02,522] INFO - База данных инициализирована.
[2025-04-03 15:11:34,590] INFO - Приложение запущено.
[2025-04-03 15:11:34,605] INFO - База данных инициализирована.
[2025-04-06 20:31:00,108] INFO - Приложение запущено.
[2025-04-06 20:31:00,127] INFO - База данных инициализирована.
[2025-04-06 20:31:00,127] INFO - Приложение запущено в режиме отладки.
[2025-04-09 21:40:45,287] INFO - Приложение запущено.
[2025-04-09 21:40:45,310] INFO - База данных инициализирована.
[2025-04-09 21:40:45,310] INFO - Приложение запущено в режиме отладки.
[2025-04-09 21:41:16,330] INFO - Приложение запущено.
[2025-04-09 21:41:16,346] INFO - База данных инициализирована.
[2025-04-09 21:41:16,346] INFO - Приложение запущено в режиме отладки.
[2025-04-09 21:41:16,671] INFO - Приложение запущено.
[2025-04-09 21:41:16,684] INFO - База данных инициализирована.
[2025-04-09 21:41:16,684] INFO - Приложение запущено в режиме отладки.
[2025-04-09 21:42:56,467] INFO - Приложение запущено.
[2025-04-09 21:42:56,484] INFO - База данных инициализирована.
[2025-04-09 21:42:56,484] INFO - Приложение запущено в режиме отладки.
[2025-04-09 21:42:56,766] INFO - Приложение запущено.
[2025-04-09 21:42:56,778] INFO - База данных инициализирована.
[2025-04-09 21:42:56,778] INFO - Приложение запущено в режиме отладки.
[2025-04-09 21:43:15,573] INFO - Приложение запущено.
[2025-04-09 21:43:15,591] INFO - База данных инициализирована.
[2025-04-09 21:43:15,591] INFO - Приложение запущено в режиме отладки.
[2025-04-09 21:43:28,783] INFO - Приложение запущено.
[2025-04-09 21:43:28,798] INFO - База данных инициализирована.
[2025-04-09 21:43:28,798] INFO - Приложение запущено в режиме отладки.
[2025-04-09 21:45:17,073] INFO - Приложение запущено.
[2025-04-09 21:45:17,090] INFO - База данных инициализирована.
[2025-04-09 21:45:17,090] INFO - Приложение запущено в режиме отладки.
[2025-04-09 21:45:17,388] INFO - Приложение запущено.
[2025-04-09 21:45:17,401] INFO - База данных инициализирована.
[2025-04-09 21:45:17,401] INFO - Приложение запущено в режиме отладки.
[2025-04-09 21:45:19,476] WARNING - Попытка доступа к панели управления без аутентификации.
[2025-04-09 21:45:19,887] ERROR - Страница не найдена: 404 Not Found: The requested URL was not found on the server. If you entered the URL manually please check your spelling and try again.
[2025-04-09 21:45:19,913] ERROR - Страница не найдена: 404 Not Found: The requested URL was not found on the server. If you entered the URL manually please check your spelling and try again.
[2025-04-09 21:45:19,921] ERROR - Страница не найдена: 404 Not Found: The requested URL was not found on the server. If you entered the URL manually please check your spelling and try again.
[2025-04-09 21:45:33,462] INFO - Доступ к панели управления пользователем ID: 1.
[2025-04-09 21:47:26,578] INFO - Доступ к панели управления пользователем ID: 1.
[2025-04-09 21:47:46,899] INFO - Доступ к панели управления пользователем ID: 1.
[2025-04-09 21:47:51,503] INFO - Доступ к панели управления пользователем ID: 1.
[2025-04-09 21:48:18,927] INFO - Доступ к панели управления пользователем ID: 1.
[2025-04-09 21:48:57,683] INFO - Доступ к панели управления пользователем ID: 1.
[2025-04-09 21:53:07,965] INFO - Доступ к панели управления пользователем ID: 1.
[2025-04-09 21:53:16,100] INFO - Доступ к панели управления пользователем ID: 1.
[2025-04-09 21:53:18,139] INFO - Доступ к панели управления пользователем ID: 1.
[2025-04-09 21:53:19,626] INFO - Доступ к панели управления пользователем ID: 1.
[2025-04-09 21:53:21,188] INFO - Доступ к панели управления пользователем ID: 1.
[2025-04-09 21:53:22,541] INFO - Доступ к панели управления пользователем ID: 1.
[2025-04-09 21:53:23,834] INFO - Доступ к панели управления пользователем ID: 1.
[2025-04-09 21:53:29,777] INFO - Доступ к панели управления пользователем ID: 1.
[2025-04-09 21:55:50,090] INFO - Приложение запущено.
[2025-04-09 21:55:50,113] INFO - База данных инициализирована.
[2025-04-09 21:55:50,113] INFO - Приложение запущено в режиме отладки.
[2025-04-09 22:02:28,834] INFO - Приложение запущено.
[2025-04-09 22:02:28,854] INFO - База данных инициализирована.
[2025-04-09 22:02:28,854] INFO - Приложение запущено в режиме отладки.
[2025-04-09 22:06:21,139] INFO - Приложение запущено.
[2025-04-09 22:06:21,155] INFO - База данных инициализирована.
[2025-04-09 22:06:21,155] INFO - Приложение запущено в режиме отладки.
[2025-04-09 22:28:38,059] INFO - Приложение запущено.
[2025-04-09 22:28:38,081] INFO - База данных инициализирована.
[2025-04-09 22:28:46,813] INFO - Приложение запущено.
[2025-04-09 22:28:46,827] INFO - База данных инициализирована.
[2025-04-09 22:31:21,053] INFO - Приложение запущено.
[2025-04-09 22:31:21,076] INFO - База данных инициализирована.
[2025-04-09 22:31:21,076] INFO - Приложение запущено в режиме отладки.
[2025-04-09 22:31:21,352] INFO - Приложение запущено.
[2025-04-09 22:31:21,366] INFO - База данных инициализирована.
[2025-04-09 22:31:21,366] INFO - Приложение запущено в режиме отладки.
[2025-04-09 22:31:48,991] INFO - Доступ к панели управления пользователем ID: 1.
[2025-04-09 22:32:07,644] INFO - Приложение запущено.
[2025-04-09 22:32:07,659] INFO - База данных инициализирована.
[2025-04-09 22:32:08,389] INFO - Приложение запущено.
[2025-04-09 22:32:08,401] INFO - База данных инициализирована.
[2025-04-09 22:32:08,401] INFO - Приложение запущено в режиме отладки.
[2025-04-09 22:37:53,796] INFO - Приложение запущено.
[2025-04-09 22:37:53,816] INFO - База данных инициализирована.
[2025-04-09 22:37:53,816] INFO - Приложение запущено в режиме отладки.
[2025-04-09 22:39:57,828] INFO - Приложение запущено.
[2025-04-09 22:39:57,846] INFO - База данных инициализирована.
[2025-04-09 22:39:57,846] INFO - Приложение запущено в режиме отладки.
[2025-04-09 22:43:10,944] INFO - Приложение запущено.
[2025-04-09 22:43:10,959] INFO - База данных инициализирована.
[2025-04-09 22:43:10,959] INFO - Приложение запущено в режиме отладки.
[2025-04-09 22:46:10,723] INFO - Приложение запущено.
[2025-04-09 22:46:10,739] INFO - База данных инициализирована.
[2025-04-09 22:46:10,739] INFO - Приложение запущено в режиме отладки.
[2025-04-09 22:46:23,375] INFO - Приложение запущено.
[2025-04-09 22:46:23,390] INFO - База данных инициализирована.
[2025-04-09 22:46:28,334] INFO - Приложение запущено.
[2025-04-09 22:46:28,347] INFO - База данных инициализирована.
[2025-04-09 22:47:43,991] INFO - Приложение запущено.
[2025-04-09 22:47:44,006] INFO - База данных инициализирована.
[2025-04-09 22:47:44,394] INFO - Приложение запущено.
[2025-04-09 22:47:44,407] INFO - База данных инициализирована.
[2025-04-09 22:47:44,407] INFO - Приложение запущено в режиме отладки.
[2025-04-09 22:47:46,806] INFO - Приложение запущено.
[2025-04-09 22:47:46,820] INFO - База данных инициализирована.
[2025-04-09 22:47:49,391] INFO - Приложение запущено.
[2025-04-09 22:47:49,403] INFO - База данных инициализирована.
[2025-04-09 22:49:12,955] INFO - Приложение запущено.
[2025-04-09 22:49:12,976] INFO - База данных инициализирована.
[2025-04-09 22:49:12,976] INFO - Приложение запущено в режиме отладки.
[2025-04-09 22:49:13,252] INFO - Приложение запущено.
[2025-04-09 22:49:13,264] INFO - База данных инициализирована.
[2025-04-09 22:49:13,265] INFO - Приложение запущено в режиме отладки.
[2025-04-09 22:49:16,436] WARNING - Попытка доступа к панели управления без аутентификации.
[2025-04-10 15:12:14,126] INFO - Приложение запущено.
[2025-04-10 15:12:14,252] INFO - База данных инициализирована.
[2025-04-10 15:12:19,515] INFO - Приложение запущено.
[2025-04-10 15:12:19,529] INFO - База данных инициализирована.
[2025-04-10 15:16:29,080] INFO - Приложение запущено.
[2025-04-10 15:16:29,096] INFO - База данных инициализирована.
[2025-04-10 15:16:32,391] INFO - Приложение запущено.
[2025-04-10 15:16:32,404] INFO - База данных инициализирована.
[2025-04-10 15:16:36,534] INFO - Приложение запущено.
[2025-04-10 15:16:36,547] INFO - База данных инициализирована.
[2025-04-10 16:34:27,053] INFO - Приложение запущено.
[2025-04-10 16:34:27,073] INFO - База данных инициализирована.
[2025-04-10 16:34:27,073] INFO - Приложение запущено в режиме отладки.
[2025-04-10 16:34:28,698] INFO - Приложение запущено.
[2025-04-10 16:34:28,711] INFO - База данных инициализирована.
[2025-04-10 16:34:28,711] INFO - Приложение запущено в режиме отладки.
[2025-04-10 16:34:40,295] INFO - Доступ к панели управления пользователем ID: 1.
[2025-04-10 16:35:12,447] INFO - Доступ к панели управления пользователем ID: 1.
[2025-04-10 16:35:21,958] INFO - Доступ к панели управления пользователем ID: 1.
[2025-04-10 16:35:32,424] INFO - Доступ к панели управления пользователем ID: 1.
[2025-04-10 16:51:22,220] INFO - Доступ к панели управления пользователем ID: 1.
[2025-04-10 16:52:37,218] INFO - Доступ к панели управления пользователем ID: 1.
[2025-04-10 17:05:07,217] INFO - Доступ к панели управления пользователем ID: 1.
[2025-04-10 17:05:27,035] INFO - Доступ к панели управления пользователем ID: 1.
[2025-04-10 17:05:53,865] INFO - Доступ к панели управления пользователем ID: 1.
[2025-04-10 17:06:08,653] INFO - Доступ к панели управления пользователем ID: 1.
[2025-04-10 17:07:19,434] INFO - Доступ к панели управления пользователем ID: 1.
[2025-04-10 17:08:58,225] INFO - Доступ к панели управления пользователем ID: 1.
[2025-04-10 17:10:00,042] INFO - Доступ к панели управления пользователем ID: 1.
[2025-04-10 17:11:36,803] INFO - Доступ к панели управления пользователем ID: 1.
[2025-04-10 17:12:07,514] INFO - Доступ к панели управления пользователем ID: 1.
[2025-04-10 17:12:56,338] INFO - Доступ к панели управления пользователем ID: 1.
[2025-04-10 17:17:26,728] INFO - Доступ к панели управления пользователем ID: 1.
[2025-04-10 17:23:22,877] INFO - Доступ к панели управления пользователем ID: 1.
[2025-04-10 17:23:39,568] INFO - Доступ к панели управления пользователем ID: 1.
[2025-04-10 17:25:25,746] INFO - Доступ к панели управления пользователем ID: 1.
[2025-04-10 17:25:30,131] INFO - Доступ к панели управления пользователем ID: 1.
[2025-04-10 17:36:06,593] INFO - Доступ к панели управления пользователем ID: 1.
[2025-04-10 17:54:42,048] INFO - Доступ к панели управления пользователем ID: 1.
[2025-04-10 18:15:08,704] INFO - Доступ к панели управления пользователем ID: 1.
[2025-04-10 18:15:11,375] INFO - Доступ к панели управления пользователем ID: 1.
[2025-04-10 18:15:13,673] INFO - Доступ к панели управления пользователем ID: 1.
[2025-04-10 18:15:16,904] INFO - Доступ к панели управления пользователем ID: 1.
[2025-04-10 18:15:59,281] INFO - Доступ к панели управления пользователем ID: 1.
[2025-04-10 22:15:19,787] INFO - Доступ к панели управления пользователем ID: 1.
[2025-04-10 22:20:54,054] INFO - Приложение запущено.
[2025-04-10 22:20:54,075] INFO - База данных инициализирована.
[2025-04-10 22:20:54,075] INFO - Приложение запущено в режиме отладки.
[2025-04-10 22:21:20,279] INFO - Доступ к панели управления пользователем ID: 1.
[2025-04-10 22:24:07,954] INFO - Доступ к панели управления пользователем ID: 1.
[2025-04-10 22:24:15,601] INFO - Доступ к панели управления пользователем ID: 1.
[2025-04-10 22:38:16,849] INFO - Доступ к панели управления пользователем ID: 1.
[2025-04-10 22:38:27,773] INFO - Доступ к панели управления пользователем ID: 1.
[2025-04-10 22:51:56,959] INFO - Доступ к панели управления пользователем ID: 1.
[2025-04-10 22:53:13,249] INFO - Доступ к панели управления пользователем ID: 1.
[2025-04-10 22:53:30,884] INFO - Доступ к панели управления пользователем ID: 1.
[2025-04-10 22:58:12,396] INFO - Доступ к панели управления пользователем ID: 1.
[2025-04-10 23:00:43,178] INFO - Приложение запущено.
[2025-04-10 23:00:43,195] INFO - База данных инициализирована.
[2025-04-10 23:00:43,195] INFO - Приложение запущено в режиме отладки.
[2025-04-10 23:00:53,722] INFO - Доступ к панели управления пользователем ID: 1.
[2025-04-10 23:01:21,033] INFO - Доступ к панели управления пользователем ID: 1.
[2025-04-10 23:11:50,210] INFO - Доступ к панели управления пользователем ID: 1.
[2025-04-10 23:18:21,097] INFO - Приложение запущено.
[2025-04-10 23:18:21,118] INFO - База данных инициализирована.
[2025-04-10 23:18:21,118] INFO - Приложение запущено в режиме отладки.
[2025-04-10 23:18:35,866] INFO - Приложение запущено.
[2025-04-10 23:18:35,883] INFO - База данных инициализирована.
[2025-04-10 23:18:35,884] INFO - Приложение запущено в режиме отладки.
[2025-04-10 23:19:35,389] INFO - Приложение запущено.
[2025-04-10 23:19:35,404] INFO - База данных инициализирована.
[2025-04-10 23:19:35,404] INFO - Приложение запущено в режиме отладки.
[2025-04-10 23:19:44,003] INFO - Приложение запущено.
[2025-04-10 23:19:44,017] INFO - База данных инициализирована.
[2025-04-10 23:19:44,017] INFO - Приложение запущено в режиме отладки.
[2025-04-10 23:21:45,244] INFO - Приложение запущено.
[2025-04-10 23:21:45,260] INFO - База данных инициализирована.
[2025-04-10 23:21:45,260] INFO - Приложение запущено в режиме отладки.
[2025-04-10 23:22:25,111] INFO - Доступ к панели управления пользователем ID: 1.
[2025-04-10 23:28:21,456] INFO - Приложение запущено.
[2025-04-10 23:28:21,474] INFO - База данных инициализирована.
[2025-04-10 23:28:21,474] INFO - Приложение запущено в режиме отладки.
[2025-04-10 23:28:51,381] INFO - Приложение запущено.
[2025-04-10 23:28:51,396] INFO - База данных инициализирована.
[2025-04-10 23:28:51,397] INFO - Приложение запущено в режиме отладки.
[2025-04-10 23:35:27,460] INFO - Приложение запущено.
[2025-04-10 23:35:27,477] INFO - База данных инициализирована.
[2025-04-10 23:35:27,477] INFO - Приложение запущено в режиме отладки.
[2025-04-10 23:35:41,068] INFO - Приложение запущено.
[2025-04-10 23:35:41,082] INFO - База данных инициализирована.
[2025-04-10 23:35:41,082] INFO - Приложение запущено в режиме отладки.
[2025-04-10 23:42:19,179] INFO - Доступ к панели управления пользователем ID: 1.
[2025-04-10 23:42:24,589] INFO - Доступ к панели управления пользователем ID: 1.
[2025-04-10 23:42:26,644] INFO - Доступ к панели управления пользователем ID: 1.
[2025-04-10 23:42:28,526] INFO - Доступ к панели управления пользователем ID: 1.
[2025-04-10 23:42:31,156] INFO - Доступ к панели управления пользователем ID: 1.
[2025-04-10 23:42:34,878] INFO - Доступ к панели управления пользователем ID: 1.
[2025-04-10 23:42:37,503] INFO - Доступ к панели управления пользователем ID: 1.
[2025-04-10 23:42:40,158] INFO - Доступ к панели управления пользователем ID: 1.
[2025-04-10 23:42:47,282] INFO - Доступ к панели управления пользователем ID: 1.
[2025-04-10 23:42:50,788] INFO - Доступ к панели управления пользователем ID: 1.
[2025-04-10 23:42:52,659] INFO - Доступ к панели управления пользователем ID: 1.
[2025-04-10 23:42:54,997] INFO - Доступ к панели управления пользователем ID: 1.
[2025-04-10 23:48:12,116] INFO - Доступ к панели управления пользователем ID: 1.
[2025-04-10 23:48:14,017] INFO - Доступ к панели управления пользователем ID: 1.
[2025-04-10 23:48:16,917] INFO - Доступ к панели управления пользователем ID: 1.
[2025-04-10 23:57:12,565] INFO - Приложение запущено.
[2025-04-10 23:57:12,581] INFO - База данных инициализирована.
[2025-04-10 23:57:12,581] INFO - Приложение запущено в режиме отладки.
[2025-04-10 23:59:25,596] INFO - Доступ к панели управления пользователем ID: 1.
[2025-04-11 00:02:09,069] INFO - Доступ к панели управления пользователем ID: 1.
[2025-04-11 11:43:10,394] INFO - Доступ к панели управления пользователем ID: 1.
[2025-04-11 15:29:53,256] INFO - Доступ к панели управления пользователем ID: 1.
[2025-04-11 16:09:15,835] INFO - Приложение запущено.
[2025-04-11 16:09:15,853] INFO - База данных инициализирована.
[2025-04-11 16:09:15,853] INFO - Приложение запущено в режиме отладки.
[2025-04-11 16:10:11,045] INFO - Приложение запущено.
[2025-04-11 16:10:11,063] INFO - База данных инициализирована.
[2025-04-11 16:10:11,063] INFO - Приложение запущено в режиме отладки.
[2025-04-11 16:10:32,831] INFO - Приложение запущено.
[2025-04-11 16:10:32,847] INFO - База данных инициализирована.
[2025-04-11 16:10:32,847] INFO - Приложение запущено в режиме отладки.
[2025-04-11 16:15:01,892] INFO - Доступ к панели управления пользователем ID: 1.
[2025-04-11 16:26:11,133] INFO - Доступ к панели управления пользователем ID: 1.
[2025-04-11 16:29:58,928] INFO - Доступ к панели управления пользователем ID: 1.
[2025-04-11 16:34:36,540] INFO - Доступ к панели управления пользователем ID: 1.
[2025-04-11 16:34:39,754] INFO - Доступ к панели управления пользователем ID: 1.
[2025-04-11 16:37:17,055] INFO - Приложение запущено.
[2025-04-11 16:37:17,077] INFO - База данных инициализирована.
[2025-04-11 16:37:17,077] INFO - Приложение запущено в режиме отладки.
[2025-04-11 16:38:14,176] INFO - Приложение запущено.
[2025-04-11 16:38:14,193] INFO - База данных инициализирована.
[2025-04-11 16:38:14,193] INFO - Приложение запущено в режиме отладки.
[2025-04-11 16:40:59,972] INFO - Приложение запущено.
[2025-04-11 16:40:59,988] INFO - База данных инициализирована.
[2025-04-11 16:40:59,988] INFO - Приложение запущено в режиме отладки.
[2025-04-11 16:45:05,817] INFO - Доступ к панели управления пользователем ID: 1.
[2025-04-11 16:46:16,223] INFO - Доступ к панели управления пользователем ID: 1.
[2025-04-11 16:46:24,882] INFO - Доступ к панели управления пользователем ID: 1.
[2025-04-11 16:49:44,842] INFO - Доступ к панели управления пользователем ID: 1.
[2025-04-11 16:50:00,693] INFO - Доступ к панели управления пользователем ID: 1.
[2025-04-11 16:50:02,889] INFO - Доступ к панели управления пользователем ID: 1.
[2025-04-11 16:52:15,467] INFO - Доступ к панели управления пользователем ID: 1.
[2025-04-11 16:55:43,821] INFO - Приложение запущено.
[2025-04-11 16:55:43,845] INFO - База данных инициализирована.
[2025-04-11 16:55:43,845] INFO - Приложение запущено в режиме отладки.
[2025-04-11 17:03:34,376] INFO - Приложение запущено.
[2025-04-11 17:04:59,711] INFO - Приложение запущено.
[2025-04-11 17:04:59,783] INFO - База данных инициализирована.
[2025-04-11 17:04:59,783] INFO - Приложение запущено в режиме отладки.
[2025-04-11 17:05:00,648] INFO - Приложение запущено.
[2025-04-11 17:05:00,702] INFO - База данных инициализирована.
[2025-04-11 17:05:00,702] INFO - Приложение запущено в режиме отладки.
[2025-04-11 17:05:03,325] INFO - Доступ к панели управления пользователем ID: 1.
[2025-04-11 17:05:40,376] INFO - Приложение запущено.
[2025-04-11 17:05:40,453] INFO - База данных инициализирована.
[2025-04-11 17:05:40,454] INFO - Приложение запущено в режиме отладки.
[2025-04-11 17:06:29,581] INFO - Приложение запущено.
[2025-04-11 17:06:29,598] INFO - База данных инициализирована.
[2025-04-11 17:06:29,598] INFO - Приложение запущено в режиме отладки.
[2025-04-11 17:07:00,827] INFO - Приложение запущено.
[2025-04-11 17:07:00,846] INFO - База данных инициализирована.
[2025-04-11 17:07:00,847] INFO - Приложение запущено в режиме отладки.
[2025-04-11 17:07:33,424] INFO - Приложение запущено.
[2025-04-11 17:07:33,440] INFO - База данных инициализирована.
[2025-04-11 17:07:33,440] INFO - Приложение запущено в режиме отладки.
[2025-04-11 17:08:36,684] INFO - Приложение запущено.
[2025-04-11 17:08:36,700] INFO - База данных инициализирована.
[2025-04-11 17:08:36,700] INFO - Приложение запущено в режиме отладки.
[2025-04-11 17:08:57,392] INFO - Приложение запущено.
[2025-04-11 17:08:57,475] INFO - База данных инициализирована.
[2025-04-11 17:08:57,475] INFO - Приложение запущено в режиме отладки.
[2025-04-11 17:09:02,743] INFO - Приложение запущено.
[2025-04-11 17:09:02,809] INFO - База данных инициализирована.
[2025-04-11 17:09:02,810] INFO - Приложение запущено в режиме отладки.
[2025-04-11 17:09:20,612] INFO - Приложение запущено.
[2025-04-11 17:09:20,675] INFO - База данных инициализирована.
[2025-04-11 17:09:20,676] INFO - Приложение запущено в режиме отладки.
[2025-04-11 17:14:36,468] INFO - Доступ к панели управления пользователем ID: 1.
[2025-04-11 17:15:30,031] INFO - Доступ к панели управления пользователем ID: 1.
[2025-04-11 17:15:36,152] INFO - Доступ к панели управления пользователем ID: 1.
[2025-04-11 17:17:41,321] INFO - Приложение запущено.
[2025-04-11 17:17:41,389] INFO - База данных инициализирована.
[2025-04-11 17:17:41,389] INFO - Приложение запущено в режиме отладки.
[2025-04-11 17:18:32,523] INFO - Приложение запущено.
[2025-04-11 17:18:32,591] INFO - База данных инициализирована.
[2025-04-11 17:18:32,591] INFO - Приложение запущено в режиме отладки.
[2025-04-11 17:21:03,142] INFO - Приложение запущено.
[2025-04-11 17:21:03,213] INFO - База данных инициализирована.
[2025-04-11 17:21:03,213] INFO - Приложение запущено в режиме отладки.
[2025-04-11 17:22:11,800] INFO - Приложение запущено.
[2025-04-11 17:22:11,870] INFO - База данных инициализирована.
[2025-04-11 17:22:11,871] INFO - Приложение запущено в режиме отладки.
[2025-04-11 17:23:00,456] INFO - Приложение запущено.
[2025-04-11 17:23:00,512] INFO - База данных инициализирована.
[2025-04-11 17:23:00,512] INFO - Приложение запущено в режиме отладки.
[2025-04-11 17:23:17,107] INFO - Приложение запущено.
[2025-04-11 17:23:17,164] INFO - База данных инициализирована.
[2025-04-11 17:23:17,164] INFO - Приложение запущено в режиме отладки.
[2025-04-11 17:23:52,114] INFO - Приложение запущено.
[2025-04-11 17:23:52,172] INFO - База данных инициализирована.
[2025-04-11 17:23:52,172] INFO - Приложение запущено в режиме отладки.
[2025-04-11 17:24:07,363] INFO - Доступ к панели управления пользователем ID: 1.
[2025-04-11 17:25:41,447] INFO - Приложение запущено.
[2025-04-11 17:25:41,505] INFO - База данных инициализирована.
[2025-04-11 17:25:41,505] INFO - Приложение запущено в режиме отладки.
[2025-04-11 17:25:52,045] INFO - Приложение запущено.
[2025-04-11 17:25:52,107] INFO - База данных инициализирована.
[2025-04-11 17:25:52,107] INFO - Приложение запущено в режиме отладки.
[2025-04-11 17:27:01,937] INFO - Приложение запущено.
[2025-04-11 17:27:01,999] INFO - База данных инициализирована.
[2025-04-11 17:27:01,999] INFO - Приложение запущено в режиме отладки.
[2025-04-11 17:27:02,035] INFO - Доступ к панели управления пользователем ID: 1.
[2025-04-11 17:27:07,464] INFO - Доступ к панели управления пользователем ID: 1.
[2025-04-11 17:27:20,543] INFO - Доступ к панели управления пользователем ID: 1.
[2025-04-11 17:29:30,322] INFO - Приложение запущено.
[2025-04-11 17:29:30,401] INFO - База данных инициализирована.
[2025-04-11 17:29:30,401] INFO - Приложение запущено в режиме отладки.
[2025-04-11 17:29:44,979] INFO - Приложение запущено.
[2025-04-11 17:29:45,039] INFO - База данных инициализирована.
[2025-04-11 17:29:45,039] INFO - Приложение запущено в режиме отладки.
[2025-04-11 17:30:22,131] INFO - Доступ к панели управления пользователем ID: 1.
[2025-04-11 17:31:07,334] INFO - Приложение запущено.
[2025-04-11 17:31:07,394] INFO - База данных инициализирована.
[2025-04-11 17:31:07,394] INFO - Приложение запущено в режиме отладки.
[2025-04-11 17:31:57,034] INFO - Доступ к панели управления пользователем ID: 1.
[2025-04-11 17:32:48,723] INFO - Приложение запущено.
[2025-04-11 17:32:48,792] INFO - База данных инициализирована.
[2025-04-11 17:32:48,792] INFO - Приложение запущено в режиме отладки.
[2025-04-11 17:32:48,827] INFO - Доступ к панели управления пользователем ID: 1.
[2025-04-11 17:33:18,728] INFO - Приложение запущено.
[2025-04-11 17:33:18,787] INFO - База данных инициализирована.
[2025-04-11 17:33:18,787] INFO - Приложение запущено в режиме отладки.
[2025-04-11 17:33:41,656] INFO - Доступ к панели управления пользователем ID: 1.
[2025-04-11 17:33:55,196] INFO - Доступ к панели управления пользователем ID: 1.
[2025-04-11 17:34:15,777] INFO - Доступ к панели управления пользователем ID: 1.
[2025-04-11 17:34:43,236] INFO - Доступ к панели управления пользователем ID: 1.
[2025-04-11 17:36:00,536] INFO - Приложение запущено.
[2025-04-11 17:36:00,606] INFO - База данных инициализирована.
[2025-04-11 17:36:00,606] INFO - Приложение запущено в режиме отладки.
[2025-04-11 17:36:00,643] INFO - Доступ к панели управления пользователем ID: 1.
[2025-04-11 17:37:22,748] INFO - Доступ к панели управления пользователем ID: 1.
[2025-04-11 17:37:25,694] INFO - Доступ к панели управления пользователем ID: 1.
[2025-04-11 17:37:35,270] INFO - Доступ к панели управления пользователем ID: 1.
[2025-04-11 17:38:12,019] INFO - Доступ к панели управления пользователем ID: 1.
[2025-04-11 17:42:14,640] INFO - Доступ к панели управления пользователем ID: 1.
[2025-04-11 21:13:56,061] INFO - Доступ к панели управления пользователем ID: 1.
[2025-04-13 22:27:51,377] INFO - Приложение запущено.
[2025-04-13 22:27:51,454] INFO - База данных инициализирована.
[2025-04-13 22:27:51,454] INFO - Приложение запущено в режиме отладки.
[2025-04-21 18:34:42,416] INFO - Приложение запущено.
[2025-04-21 18:34:42,486] INFO - База данных инициализирована.
[2025-04-21 18:34:42,486] INFO - Приложение запущено в режиме отладки.
[2025-04-21 18:34:43,422] INFO - Приложение запущено.
[2025-04-21 18:34:43,477] INFO - База данных инициализирована.
[2025-04-21 18:34:43,478] INFO - Приложение запущено в режиме отладки.
[2025-04-21 18:34:45,741] INFO - Доступ к панели управления пользователем ID: 1.
[2025-04-21 18:34:56,895] INFO - Доступ к панели управления пользователем ID: 1.
[2025-04-21 18:35:54,057] INFO - Приложение запущено.
[2025-04-21 18:35:54,150] INFO - База данных инициализирована.
[2025-04-21 18:35:54,150] INFO - Приложение запущено в режиме отладки.
[2025-04-21 18:39:06,468] INFO - Приложение запущено.
[2025-04-21 18:39:06,541] INFO - База данных инициализирована.
[2025-04-21 18:39:06,541] INFO - Приложение запущено в режиме отладки.
[2025-04-21 18:39:36,799] INFO - Приложение запущено.
[2025-04-21 18:39:36,879] INFO - База данных инициализирована.
[2025-04-21 18:39:36,879] INFO - Приложение запущено в режиме отладки.
[2025-04-21 18:41:35,107] INFO - Приложение запущено.
[2025-04-21 18:41:35,166] INFO - База данных инициализирована.
[2025-04-21 18:41:35,166] INFO - Приложение запущено в режиме отладки.
[2025-04-21 18:44:13,113] INFO - Приложение запущено.
[2025-04-21 18:44:13,184] INFO - База данных инициализирована.
[2025-04-21 18:44:13,185] INFO - Приложение запущено в режиме отладки.
[2025-04-21 18:45:43,879] INFO - Приложение запущено.
[2025-04-21 18:45:43,942] INFO - База данных инициализирована.
[2025-04-21 18:45:43,942] INFO - Приложение запущено в режиме отладки.
[2025-04-21 18:51:30,252] INFO - Приложение запущено.
[2025-04-21 18:51:30,321] INFO - База данных инициализирована.
[2025-04-21 18:51:30,321] INFO - Приложение запущено в режиме отладки.
[2025-04-21 19:04:17,631] INFO - Доступ к панели управления пользователем ID: 1.
[2025-04-21 19:05:44,518] INFO - Доступ к панели управления пользователем ID: 1.
[2025-04-21 19:06:01,764] INFO - Доступ к панели управления пользователем ID: 1.
[2025-04-21 19:06:11,967] INFO - Доступ к панели управления пользователем ID: 1.
[2025-04-21 19:06:37,897] INFO - Доступ к панели управления пользователем ID: 1.
[2025-04-21 19:08:49,960] INFO - Доступ к панели управления пользователем ID: 1.
[2025-04-21 19:09:00,729] INFO - Доступ к панели управления пользователем ID: 1.
[2025-04-21 19:10:13,905] INFO - Приложение запущено.
[2025-04-21 19:10:13,974] INFO - База данных инициализирована.
[2025-04-21 19:10:13,974] INFO - Приложение запущено в режиме отладки.
[2025-04-21 19:16:32,647] INFO - Приложение запущено.
[2025-04-21 19:16:32,732] INFO - База данных инициализирована.
[2025-04-21 19:16:32,732] INFO - Приложение запущено в режиме отладки.
[2025-04-21 19:18:22,632] INFO - Приложение запущено.
[2025-04-21 19:18:22,709] INFO - База данных инициализирована.
[2025-04-21 19:18:22,709] INFO - Приложение запущено в режиме отладки.
[2025-04-21 19:22:02,386] INFO - Приложение запущено.
[2025-04-21 19:22:02,444] INFO - База данных инициализирована.
[2025-04-21 19:22:02,444] INFO - Приложение запущено в режиме отладки.
[2025-04-21 19:22:26,291] INFO - Приложение запущено.
[2025-04-21 19:22:26,363] INFO - База данных инициализирована.
[2025-04-21 19:22:26,363] INFO - Приложение запущено в режиме отладки.
[2025-04-21 19:24:36,746] INFO - Приложение запущено.
[2025-04-21 19:24:36,810] INFO - База данных инициализирована.
[2025-04-21 19:24:36,810] INFO - Приложение запущено в режиме отладки.
[2025-04-21 19:25:00,832] INFO - Приложение запущено.
[2025-04-21 19:25:00,919] INFO - База данных инициализирована.
[2025-04-21 19:25:00,919] INFO - Приложение запущено в режиме отладки.
[2025-04-21 19:25:37,185] INFO - Приложение запущено.
[2025-04-21 19:25:37,248] INFO - База данных инициализирована.
[2025-04-21 19:25:37,248] INFO - Приложение запущено в режиме отладки.
[2025-04-21 19:26:15,659] INFO - Приложение запущено.
[2025-04-21 19:26:15,719] INFO - База данных инициализирована.
[2025-04-21 19:26:15,719] INFO - Приложение запущено в режиме отладки.
[2025-04-21 19:27:05,313] INFO - Приложение запущено.
[2025-04-21 19:27:05,371] INFO - База данных инициализирована.
[2025-04-21 19:27:05,371] INFO - Приложение запущено в режиме отладки.
[2025-04-21 19:28:37,840] INFO - Приложение запущено.
[2025-04-21 19:28:37,905] INFO - База данных инициализирована.
[2025-04-21 19:28:37,905] INFO - Приложение запущено в режиме отладки.
[2025-04-21 19:31:01,852] INFO - Приложение запущено.
[2025-04-21 19:31:01,917] INFO - База данных инициализирована.
[2025-04-21 19:31:01,917] INFO - Приложение запущено в режиме отладки.
[2025-04-21 19:31:15,437] INFO - Приложение запущено.
[2025-04-21 19:31:15,494] INFO - База данных инициализирована.
[2025-04-21 19:31:15,494] INFO - Приложение запущено в режиме отладки.
[2025-04-21 19:31:32,734] INFO - Приложение запущено.
[2025-04-21 19:31:32,804] INFO - База данных инициализирована.
[2025-04-21 19:31:32,804] INFO - Приложение запущено в режиме отладки.
[2025-04-21 19:32:04,961] INFO - Приложение запущено.
[2025-04-21 19:32:05,021] INFO - База данных инициализирована.
[2025-04-21 19:32:05,021] INFO - Приложение запущено в режиме отладки.
[2025-04-21 19:33:14,485] INFO - Приложение запущено.
[2025-04-21 19:33:14,544] INFO - База данных инициализирована.
[2025-04-21 19:33:14,544] INFO - Приложение запущено в режиме отладки.
[2025-04-30 15:42:35,207] INFO - Приложение запущено.
[2025-04-30 15:44:05,789] INFO - Приложение запущено.
[2025-04-30 15:45:58,098] INFO - Приложение запущено.
[2025-04-30 15:46:10,392] INFO - Приложение запущено.
[2025-04-30 15:48:49,587] INFO - Приложение запущено.
[2025-04-30 15:49:52,639] INFO - Приложение запущено.
[2025-04-30 15:50:01,624] INFO - Приложение запущено.
[2025-04-30 15:50:01,693] INFO - База данных инициализирована.
[2025-04-30 15:50:16,824] INFO - Приложение запущено.
[2025-04-30 15:50:16,890] INFO - База данных инициализирована.
[2025-04-30 15:50:25,900] INFO - Приложение запущено.
[2025-04-30 15:50:25,959] INFO - База данных инициализирована.
[2025-04-30 15:51:01,506] INFO - Приложение запущено.
[2025-04-30 15:53:29,967] INFO - Приложение запущено.
[2025-04-30 15:53:30,080] INFO - База данных инициализирована.
[2025-04-30 15:53:42,000] INFO - Приложение запущено.
[2025-04-30 15:53:42,063] INFO - База данных инициализирована.
[2025-04-30 16:00:14,826] INFO - Приложение запущено.
[2025-04-30 16:00:14,894] INFO - База данных инициализирована.
[2025-04-30 16:00:14,894] INFO - Приложение запущено в режиме отладки.
[2025-04-30 16:00:15,832] INFO - Приложение запущено.
[2025-04-30 16:00:15,890] INFO - База данных инициализирована.
[2025-04-30 16:00:15,890] INFO - Приложение запущено в режиме отладки.
[2025-04-30 16:00:17,992] WARNING - Попытка доступа к панели управления без аутентификации.
[2025-04-30 16:00:18,554] ERROR - Страница не найдена: 404 Not Found: The requested URL was not found on the server. If you entered the URL manually please check your spelling and try again.
[2025-04-30 16:00:46,012] INFO - Доступ к панели управления пользователем ID: 1.
[2025-04-30 16:06:15,629] INFO - Приложение запущено.
[2025-04-30 16:06:15,701] INFO - База данных инициализирована.
[2025-04-30 16:06:15,701] INFO - Приложение запущено в режиме отладки.
[2025-04-30 16:24:59,492] INFO - Доступ к панели управления пользователем ID: 1.
[2025-04-30 16:29:14,150] INFO - Доступ к панели управления пользователем ID: 1.
[2025-04-30 16:29:42,087] INFO - Доступ к панели управления пользователем ID: 1.
